Start testing: Apr 22 22:48 PDT
----------------------------------------------------------
1/1 Testing: dbtest.testingtestlol
1/1 Test: dbtest.testingtestlol
Command: "/Users/nuharahman/desktop/cs180-22-jester/build/dbtest" "--gtest_filter=dbtest.testingtestlol" "--gtest_also_run_disabled_tests"
Directory: /Users/nuharahman/desktop/cs180-22-jester/build
"dbtest.testingtestlol" start time: Apr 22 22:48 PDT
Output:
----------------------------------------------------------
Running main() from /Users/nuharahman/desktop/cs180-22-jester/build/_deps/googletest-src/googletest/src/gtest_main.cc
Note: Google Test filter = dbtest.testingtestlol
[==========] Running 1 test from 1 test suite.
[----------] Global test environment set-up.
[----------] 1 test from dbtest
[ RUN      ] dbtest.testingtestlol
[       OK ] dbtest.testingtestlol (0 ms)
[----------] 1 test from dbtest (0 ms total)

[----------] Global test environment tear-down
[==========] 1 test from 1 test suite ran. (0 ms total)
[  PASSED  ] 1 test.
<end of output>
Test time =   0.00 sec
----------------------------------------------------------
Test Passed.
"dbtest.testingtestlol" end time: Apr 22 22:48 PDT
"dbtest.testingtestlol" time elapsed: 00:00:00
----------------------------------------------------------

End testing: Apr 22 22:48 PDT
